[2023-10-05 11:59:39,968] {taskinstance.py:896} INFO - Dependencies all met for <TaskInstance: airflow_exam.retrieve_raw_data 2023-10-05T11:55:00+00:00 [queued]>
[2023-10-05 11:59:39,979] {taskinstance.py:896} INFO - Dependencies all met for <TaskInstance: airflow_exam.retrieve_raw_data 2023-10-05T11:55:00+00:00 [queued]>
[2023-10-05 11:59:39,980] {taskinstance.py:1087} INFO - 
--------------------------------------------------------------------------------
[2023-10-05 11:59:39,980] {taskinstance.py:1088} INFO - Starting attempt 6 of 6
[2023-10-05 11:59:39,980] {taskinstance.py:1089} INFO - 
--------------------------------------------------------------------------------
[2023-10-05 11:59:39,994] {taskinstance.py:1107} INFO - Executing <Task(PythonOperator): retrieve_raw_data> on 2023-10-05T11:55:00+00:00
[2023-10-05 11:59:39,999] {standard_task_runner.py:52} INFO - Started process 6151 to run task
[2023-10-05 11:59:40,002] {standard_task_runner.py:76} INFO - Running: ['***', 'tasks', 'run', '***_exam', 'retrieve_raw_data', '2023-10-05T11:55:00+00:00', '--job-id', '64', '--pool', 'default_pool', '--raw', '--subdir', 'DAGS_FOLDER/weather.py', '--cfg-path', '/tmp/tmprsd4vcwy', '--error-file', '/tmp/tmpgrcsegp2']
[2023-10-05 11:59:40,002] {standard_task_runner.py:77} INFO - Job 64: Subtask retrieve_raw_data
[2023-10-05 11:59:40,040] {logging_mixin.py:104} INFO - Running <TaskInstance: ***_exam.retrieve_raw_data 2023-10-05T11:55:00+00:00 [running]> on host 3a3d0401ac26
[2023-10-05 11:59:40,086] {taskinstance.py:1302} INFO - Exporting the following env vars:
AIRFLOW_CTX_DAG_OWNER=***
AIRFLOW_CTX_DAG_ID=***_exam
AIRFLOW_CTX_TASK_ID=retrieve_raw_data
AIRFLOW_CTX_EXECUTION_DATE=2023-10-05T11:55:00+00:00
AIRFLOW_CTX_DAG_RUN_ID=scheduled__2023-10-05T11:55:00+00:00
[2023-10-05 11:59:40,523] {taskinstance.py:1501} ERROR - Task failed with exception
Traceback (most recent call last):
  File "/home/airflow/.local/lib/python3.6/site-packages/airflow/models/taskinstance.py", line 1157, in _run_raw_task
    self._prepare_and_execute_task_with_callbacks(context, task)
  File "/home/airflow/.local/lib/python3.6/site-packages/airflow/models/taskinstance.py", line 1331, in _prepare_and_execute_task_with_callbacks
    result = self._execute_task(context, task_copy)
  File "/home/airflow/.local/lib/python3.6/site-packages/airflow/models/taskinstance.py", line 1361, in _execute_task
    result = task_copy.execute(context=context)
  File "/home/airflow/.local/lib/python3.6/site-packages/airflow/operators/python.py", line 150, in execute
    return_value = self.execute_callable()
  File "/home/airflow/.local/lib/python3.6/site-packages/airflow/operators/python.py", line 161, in execute_callable
    return self.python_callable(*self.op_args, **self.op_kwargs)
  File "/opt/airflow/dags/weather.py", line 49, in raw_data
    save_data(all_cities, timestamp)
  File "/opt/airflow/dags/weather.py", line 40, in save_data
    with open(filenme, 'w') as file:
FileNotFoundError: [Errno 2] No such file or directory: '/home/m-salem/app/raw_files/2023-10-05_11:59.json'
[2023-10-05 11:59:40,524] {taskinstance.py:1551} INFO - Marking task as FAILED. dag_id=***_exam, task_id=retrieve_raw_data, execution_date=20231005T115500, start_date=20231005T115939, end_date=20231005T115940
[2023-10-05 11:59:40,578] {local_task_job.py:151} INFO - Task exited with return code 1
